<?xml version="1.0" encoding="UTF-8"?>
<!-- Generated by org.testng.reporters.JUnitReportReporter -->
<testsuite hostname="LAPTOP-C3P0RTH3" failures="0" tests="1" name="com.dixter.lib.smoke.TestSample" time="37.258" errors="0" timestamp="11 Apr 2019 10:11:37 GMT" skipped="0">
  <testcase classname="com.dixter.lib.smoke.TestSample" name="test_sample" time="37.258"/>
</testsuite> <!-- com.dixter.lib.smoke.TestSample -->
